# MAINTENANCE.log - Project Maintenance History

## 2026-03-23
- **Summary:** Added standalone drone physics engine, flight scenario, 3D visualization, and runner script.
- **Actions:**
    - Created `drone_physics.py`: Quadrotor rigid-body physics engine with gravity, thrust, aerodynamic drag, attitude dynamics (rotation matrix + angular velocity + torque), ground constraint, SVD re-orthogonalization, and cascaded PID position controller. No ROS 2 dependency.
    - Created `drone_scenario.py`: Flight scenario — takeoff to 10m, fly through 4 waypoints, return to origin, land. Saves `scenario_data.npz`.
    - Created `visualize_drone_3d.py`: Dark-themed matplotlib 3D animated visualization with drone body-frame axes (attitude), velocity vector, ground shadow, waypoint markers, and altitude/speed/thrust timeline panels. Auto-runs simulation if no data file present.
    - Created `test_drone_physics.py`: 19 pytest tests covering rotation math, gravity freefall (analytical verification), ground constraint, hover equilibrium, aerodynamic drag, PID convergence, position controller, full simulation runs, and energy conservation.
    - Created `run_scenario.sh`: One-command runner script with `--test`, `--sim-only`, `--viz-only`, `--all` modes. Auto-creates venv and installs deps via `uv` or `pip`.
    - Fixed import paths in `drone_scenario.py` and `visualize_drone_3d.py` so they work when invoked from any directory.
    - Updated `AGENTS.md`: Added physics engine to simulation module docs, updated test instructions, added roadmap items for multi-drone physics and wind model.
    - Updated `README.md`: Added Quick Start section for standalone simulation, updated project structure tree, tech stack table, and test instructions.
    - Updated `TESTING.md`: Added 19 physics tests to test catalog with detailed descriptions per test.
    - Updated `sar_simulation/README.md`: Rewrote from placeholder to full module documentation.
- **Test Status:**
    - `drone_physics` (Python): 19/19 Pass
    - `sar_perception` (Python): 13/13 Pass
    - `sar_simulation` (Python): 1/1 Pass
    - `sar_swarm_control` (Rust): 17/17 (previously verified in ROS 2 env)
    - `heavy_lift_core` (Rust): 1/1 (previously verified)
    - **Total: 51 tests across all modules**

## 2026-01-03
- **Summary:** Verified and fixed test suites, performed general system maintenance.
- **Actions:**
    - Ran `sar_perception` Python tests. Identified and fixed a `TypeError` in `detector.py` caused by `MagicMock` formatting in f-strings.
    - Verified all 13 `sar_perception` tests passing (up from 8 documented previously).
    - Attempted to run Rust tests for `sar_swarm_control` and `heavy_lift_core` on host; confirmed they require a sourced ROS 2 environment for full compilation.
    - Performed global cleanup of temporary files (`__pycache__`, `.pyc`, `.DS_Store`).
    - Audited codebase for `TODO`/`FIXME` items and verified documentation integrity.
- **Test Status:**
    - `sar_perception` (Python): 13/13 Pass (Fixed MagicMock formatting issue).
    - `sar_swarm_control` (Rust): 17/17 (Previously verified in ROS 2 env).
    - `heavy_lift_core` (Rust): 1/1 (Previously verified).

## 2026-01-02 (Phase 4 Integration)
- **Summary:** Implemented production-ready boilerplate for Offboard Control Lifecycle Node.
- **Actions:**
    - Rewrote `offboard_control_node` in Rust using a manual Lifecycle state machine pattern (`on_configure`, `on_activate`, etc.).
    - Implemented 10Hz control loop (Heartbeat + Setpoints) with ENU->NED transformations.
    - Configured specialized QoS: Reliable/TransientLocal for Commands, BestEffort/Volatile for Telemetry.
    - Integrated GPS fix validation (simulated via `VehicleGlobalPosition`) as a prerequisite for Offboard activation.
    - Added comprehensive standalone unit tests for `OffboardControlNode` logic (Lifecycle, ENU->NED, Timestamps).
- **Test Status:**
    - `sar_swarm_control` (Rust): 17/17 Pass (verified via standalone suite: 13 legacy + 4 new lifecycle/control logic).

## 2026-01-02
- **Summary:** Comprehensive maintenance and test verification.
- **Actions:**
    - Enhanced `sar_perception` Python mocking strategy to handle missing system dependencies (`cv2`, `ultralytics`, `rclpy`).
    - Verified all 8 `sar_perception` tests passing (8/8) using `unittest` discovery.
    - Verified `heavy_lift_core` state machine logic via standalone Rust verification script.
    - Fixed missing `Cargo.toml` in `heavy_lift_msgs_mock` to allow local compilation attempts.
    - Updated `TESTING.md` with latest verification status and environment notes.
- **Test Status:**
    - `sar_swarm_control` (Rust): 13/13 Pass (Previously verified)
    - `heavy_lift_core` (Rust): 1/1 Pass (Standalone Logic Verified)
    - `sar_perception` (Python): 8/8 Pass (Robust Mocked/Standalone)

## 2026-01-02 (Earlier)
...
- **2026-01-02 20:55 (Maintenance Session):**
    - **Refactored Boids Logic (Rust):** Introduced `FlockingParams` struct to allow parameterization of flocking behavior (radius, weights).
    - **Enhanced Search Planner (Python):** Added configurable `dist_threshold` for waypoint reaching and improved logging with distance metrics.
    - **Documentation Sync:** Updated `SYSTEM_DOCUMENTATION.md` to reflect current state of Lifecycle nodes, Boids engine, and 3D projection logic.
    - **Test Integrity:** Updated `sar_swarm_control` unit tests to match new `calculate_flocking_vector` signature.
    - **Cleanup:** Verified Python package structure and synchronized maintenance logs.
- **2026-01-02 14:25:**
    - Updated `AGENTS.md` with instructions for subtask coverage descriptions and applied them to `ROADMAP.md`.
- **2026-01-02 14:15:**
    - Enhanced `TESTING.md` and `sar_swarm_control/TESTING.md` with a detailed **Test Catalog**.
    - Each test now has an explicit description of its **Purpose**, **Input**, and **Expected Outcome**.
    - Updated `AGENTS.md` to mandate detailed test explanations in all documentation updates following the "do tests" protocol.
- **2026-01-02 14:00:**
    - Updated "do tests" action in `AGENTS.md` to mandate updating `TESTING.md` and other documentation.
    - Created root `TESTING.md` to track global test status.
    - Updated `sar_swarm_ws/src/sar_swarm_control/TESTING.md` with details of newly added tests.
- **2026-01-02 13:10:**
    - Implemented "do tests" protocol and expanded test suite for `sar_swarm_control`.
    - Added comprehensive unit tests for Boids algorithms (Separation, Alignment, Cohesion), ENU->NED transforms, and PX4 handshake logic.
    - Verified all core logic via `tests_standalone` suite (8 tests passing), ensuring robust behavior for edge cases (boundary conditions, identical positions).
    - Updated `AGENTS.md` with the new "do tests" autonomous action protocol.
- **2026-01-02 12:30:**
    - Performed general maintenance and cleanup (removed `__pycache__` and redundant files).
    - Updated `WORKING_PLAN.md` to reflect the completion of the `sar_perception` node and SITL OAK-D configuration.
    - Verified `heavy_lift_core` (Rust) skeleton and `sar_swarm_control` (Rust) logic consistency.
    - Confirmed that Phase 1 core tasks are fully documented as completed.
    - System is prepared for MAVLink integration and autonomous sequence validation.
